        -:    0:Source:/mnt/c/Users/aschw/CLionProjects/Algoritmos 2/Labo 3/ejercitacion_punteros/src/ConexionJugador.cpp
        -:    0:Graph:/mnt/c/Users/aschw/CLionProjects/Algoritmos 2/Labo 3/ejercitacion_punteros/cmake-build-default-wsl-coverage/CMakeFiles/ej6.dir/src/ConexionJugador.cpp.gcno
        -:    0:Data:/mnt/c/Users/aschw/CLionProjects/Algoritmos 2/Labo 3/ejercitacion_punteros/cmake-build-default-wsl-coverage/CMakeFiles/ej6.dir/src/ConexionJugador.cpp.gcda
        -:    0:Runs:1
        -:    0:Programs:1
        -:    1:#include "ConexionJugador.h"
        -:    2:
function _ZN15ConexionJugadorC2ENSt7__cxx1112basic_stringIcSt11char_traitsIcESaIcEEE called 16 returned 100% blocks executed 80%
       16:    3:ConexionJugador::ConexionJugador(string ip) : _ip(ip) {}
       16:    3-block  0
call    0 returned 16
call    1 returned 16
branch  2 taken 16 (fallthrough)
branch  3 taken 0 (throw)
       16:    3-block  1
    $$$$$:    3-block  2
call    4 never executed
        -:    4:
function _ZNK15ConexionJugador2ipB5cxx11Ev called 3 returned 100% blocks executed 100%
        3:    5:string ConexionJugador::ip() const {
        3:    6:  return _ip;
        3:    6-block  0
call    0 returned 3
        -:    7:}
        -:    8:
function _ZN15ConexionJugador13enviarMensajeENSt7__cxx1112basic_stringIcSt11char_traitsIcESaIcEEE called 15 returned 100% blocks executed 58%
       15:    9:void ConexionJugador::enviarMensaje(string mensaje) {
       15:   10:  _internet->mensaje(_ip, mensaje);
       15:   10-block  0
call    0 returned 15
call    1 returned 15
branch  2 taken 15 (fallthrough)
branch  3 taken 0 (throw)
       15:   10-block  1
call    4 returned 15
branch  5 taken 15 (fallthrough)
branch  6 taken 0 (throw)
       15:   10-block  2
call    7 returned 15
call    8 returned 15
    $$$$$:   10-block  3
call    9 never executed
    $$$$$:   10-block  4
    $$$$$:   10-block  5
call   10 never executed
       15:   11:}
